<?xml version="1.0" encoding="UTF-8"?>
<!-- Generated by org.testng.reporters.JUnitReportReporter -->
<testsuite skipped="0" hostname="ip-172-31-86-137" name="restAPIBDD.GetRequest" tests="1" failures="0" timestamp="03 Dec 2021 07:13:50 GMT" time="1.302" errors="0">
  <testcase name="GetCall" time="1.302" classname="restAPIBDD.GetRequest"/>
</testsuite> <!-- restAPIBDD.GetRequest -->
